<?xml version="1.0" encoding="UTF-8"?>
<!-- Generated by org.testng.reporters.JUnitReportReporter -->
<testsuite hostname="IN3070789W1" failures="0" tests="1" name="test.RestfulBook_CreateDemo" time="3.081" errors="0" timestamp="2023-01-25T10:44:53 IST" skipped="0">
  <testcase classname="test.RestfulBook_CreateDemo" name="createBooking" time="3.081"/>
  <system-out/>
</testsuite> <!-- test.RestfulBook_CreateDemo -->
