<?xml version="1.0" encoding="UTF-8"?>
<!-- Generated by org.testng.reporters.JUnitReportReporter -->
<testsuite hostname="IN3070789W1" failures="0" tests="1" name="test.ResponseBodyValidation" time="4.992" errors="0" timestamp="2023-01-24T12:26:56 IST" skipped="0">
  <testcase classname="test.ResponseBodyValidation" name="bodyPrint" time="4.992"/>
  <system-out/>
</testsuite> <!-- test.ResponseBodyValidation -->
