<?xml version="1.0" encoding="UTF-8"?>
<!-- Generated by org.testng.reporters.JUnitReportReporter -->
<testsuite hostname="IN3070789W1" failures="0" tests="1" name="test.NewTestRestBooker_CreateNonBDD" time="4.080" errors="0" timestamp="2023-01-25T11:27:13 IST" skipped="0">
  <testcase classname="test.NewTestRestBooker_CreateNonBDD" name="createBooking" time="4.080"/>
  <system-out/>
</testsuite> <!-- test.NewTestRestBooker_CreateNonBDD -->
