<?xml version="1.0" encoding="UTF-8"?>
<!-- Generated by org.testng.reporters.JUnitReportReporter -->
<testsuite hostname="IN3070789W1" failures="0" tests="1" name="test.RestAssuredAPITest" time="2.183" errors="0" timestamp="2023-01-24T11:37:22 IST" skipped="0">
  <testcase classname="test.RestAssuredAPITest" name="getUsers" time="2.183"/>
  <system-out/>
</testsuite> <!-- test.RestAssuredAPITest -->
