<?xml version="1.0" encoding="UTF-8"?>
<!-- Generated by org.testng.reporters.JUnitReportReporter -->
<testsuite hostname="IN3070789W1" failures="0" tests="1" name="test.RestfulBooker_UpdateBooking" time="3.043" errors="0" timestamp="2023-01-25T11:53:24 IST" skipped="0">
  <testcase classname="test.RestfulBooker_UpdateBooking" name="updateBooking" time="3.043"/>
  <system-out/>
</testsuite> <!-- test.RestfulBooker_UpdateBooking -->
