<?xml version="1.0" encoding="UTF-8"?>
<!-- Generated by org.testng.reporters.JUnitReportReporter -->
<testsuite hostname="IN3070789W1" failures="0" tests="1" name="test.HeaderValidationDemo" time="3.315" errors="0" timestamp="2023-01-24T12:18:54 IST" skipped="0">
  <testcase classname="test.HeaderValidationDemo" name="headerPrint" time="3.315"/>
  <system-out/>
</testsuite> <!-- test.HeaderValidationDemo -->
